JvmtiExport can_access_local_variables 0
JvmtiExport can_hotswap_or_post_breakpoint 0
JvmtiExport can_post_on_exceptions 0
# 227 ciObject found
instanceKlass com/bea/objectweb/asm/Type
instanceKlass com/bea/objectweb/asm/MethodVisitor
instanceKlass com/bea/objectweb/asm/FieldVisitor
instanceKlass com/bea/objectweb/asm/Context
instanceKlass com/bea/objectweb/asm/Attribute
instanceKlass com/bea/objectweb/asm/ClassVisitor
instanceKlass com/bea/objectweb/asm/ClassReader
instanceKlass weblogic/application/utils/annotation/ClassInfoImpl
instanceKlass weblogic/utils/classloaders/ZipClassFinder$1
instanceKlass weblogic/servlet/internal/War$CompositeClassInfoFinder
instanceKlass weblogic/utils/enumerations/LIFO_FileContainer
instanceKlass weblogic/utils/enumerations/FileContainer
instanceKlass weblogic/utils/classloaders/debug/Trigger
instanceKlass weblogic/utils/classloaders/debug/RecordTrace
instanceKlass weblogic/utils/classloaders/debug/ClassLoaderDebugger
instanceKlass weblogic/utils/enumerations/FileEnumeration
instanceKlass weblogic/utils/enumerations/SequencingEnumerator
instanceKlass weblogic/i18n/logging/Loggable
instanceKlass weblogic/management/bootstrap/BootStrapMin
instanceKlass weblogic/management/DomainDir$Instance
instanceKlass weblogic/management/RuntimeDir
instanceKlass weblogic/management/DomainDir
instanceKlass weblogic/application/ApplicationAccess$2
instanceKlass weblogic/application/ApplicationAccess$1
instanceKlass java/util/concurrent/ConcurrentSkipListMap$Iter
instanceKlass weblogic/application/utils/annotation/AnnotationAncestry
instanceKlass weblogic/application/utils/annotation/ClassInfoFinder$Filter
instanceKlass weblogic/application/utils/annotation/ClassInfo
instanceKlass java/io/ObjectOutputStream$ReplaceTable
instanceKlass java/io/ObjectOutputStream$HandleTable
instanceKlass weblogic/utils/collections/ConcurrentHashMap$HashIterator
instanceKlass weblogic/application/utils/ParallelTaskManager$ParallelTask
instanceKlass weblogic/work/Work
instanceKlass weblogic/application/utils/annotation/ClassfinderClassInfos$1
instanceKlass java/util/concurrent/atomic/AtomicReference
instanceKlass java/util/concurrent/Phaser
instanceKlass weblogic/management/provider/core/ManagementCoreService
instanceKlass weblogic/application/utils/ManagementUtils
instanceKlass weblogic/application/utils/ParallelTaskManager
instanceKlass sun/nio/fs/AbstractPath
instanceKlass java/util/concurrent/ConcurrentSkipListMap$Node
instanceKlass java/util/concurrent/ConcurrentSkipListMap$Index
instanceKlass java/util/concurrent/ConcurrentNavigableMap
instanceKlass weblogic/application/utils/annotation/ClassfinderClassInfos
instanceKlass weblogic/application/metadatacache/ValidatingCacheObject
instanceKlass weblogic/application/utils/annotation/ClassInfoFinder
instanceKlass java/lang/Throwable$PrintStreamOrWriter
instanceKlass weblogic/application/metadatacache/SimpleMetadata
instanceKlass weblogic/application/utils/annotation/ClassInfoFinderFactory$Params
instanceKlass weblogic/application/utils/BaseModuleExtensionContext
instanceKlass weblogic/application/ModuleExtensionContext
instanceKlass com/bea/core/repackaged/jdt/internal/compiler/ast/Invocation
instanceKlass com/bea/core/repackaged/jdt/internal/compiler/ast/IPolyExpression
instanceKlass com/bea/core/repackaged/jdt/internal/compiler/parser/ScannerHelper
instanceKlass com/bea/core/repackaged/jdt/internal/compiler/ast/CompilationUnitDeclaration$1
instanceKlass com/bea/core/repackaged/jdt/internal/compiler/lookup/InvocationSite
instanceKlass com/bea/core/repackaged/jdt/internal/compiler/CompilationResult$1
instanceKlass com/bea/core/repackaged/jdt/internal/compiler/CompilationResult
instanceKlass com/bea/core/repackaged/jdt/internal/compiler/util/Messages
instanceKlass com/bea/core/repackaged/jdt/internal/compiler/parser/AbstractCommentParser
instanceKlass com/bea/core/repackaged/jdt/internal/compiler/parser/JavadocTagConstants
instanceKlass com/bea/core/repackaged/jdt/internal/compiler/parser/Scanner
instanceKlass com/bea/core/repackaged/jdt/internal/compiler/parser/Parser
instanceKlass com/bea/core/repackaged/jdt/internal/compiler/parser/ConflictedParser
instanceKlass com/bea/core/repackaged/jdt/internal/compiler/parser/ParserBasicInformation
instanceKlass com/bea/core/repackaged/jdt/internal/compiler/parser/TerminalTokens
