JvmtiExport can_access_local_variables 0
JvmtiExport can_hotswap_or_post_breakpoint 0
JvmtiExport can_post_on_exceptions 0
# 297 ciObject found
instanceKlass weblogic/jsp/internal/jsp/tag/TagListenerInfo
instanceKlass weblogic/jsp/compiler/jsp/JspExtensionManager
instanceKlass org/w3c/dom/Comment
instanceKlass weblogic/jsp/internal/jsp/tag/TagLibDiagnosticList
instanceKlass weblogic/jsp/internal/jsp/JspTagLibraryFeature$2
instanceKlass weblogic/jsp/internal/jsp/JspTagLibraryFeature$1
instanceKlass weblogic/jsp/internal/jsp/JspTagLibraryFeature$TldChangeListener
instanceKlass com/sun/org/apache/xerces/internal/dom/CharacterDataImpl$1
instanceKlass org/w3c/dom/Text
instanceKlass org/w3c/dom/CharacterData
instanceKlass org/w3c/dom/Attr
instanceKlass com/sun/org/apache/xerces/internal/dom/NamedNodeMapImpl
instanceKlass org/w3c/dom/NamedNodeMap
instanceKlass com/sun/org/apache/xerces/internal/dom/DeepNodeListImpl
instanceKlass com/sun/org/apache/xerces/internal/impl/Constants$ArrayEnumeration
instanceKlass com/sun/org/apache/xerces/internal/impl/Constants
instanceKlass com/sun/org/apache/xerces/internal/util/EncodingMap
instanceKlass com/sun/org/apache/xerces/internal/dom/DeferredDocumentImpl$RefCount
instanceKlass com/sun/org/apache/xerces/internal/dom/NodeListCache
instanceKlass org/w3c/dom/TypeInfo
instanceKlass com/sun/org/apache/xerces/internal/dom/NodeImpl
instanceKlass org/w3c/dom/events/EventTarget
instanceKlass org/w3c/dom/NodeList
instanceKlass org/w3c/dom/ranges/DocumentRange
instanceKlass org/w3c/dom/events/DocumentEvent
instanceKlass org/w3c/dom/traversal/DocumentTraversal
instanceKlass com/sun/org/apache/xerces/internal/dom/DeferredNode
instanceKlass com/sun/org/apache/xerces/internal/util/XMLSymbols
instanceKlass com/sun/org/apache/xerces/internal/util/XMLChar
instanceKlass com/sun/xml/internal/stream/Entity
instanceKlass com/sun/xml/internal/stream/util/BufferAllocator
instanceKlass com/sun/xml/internal/stream/util/ThreadLocalBufferAllocator
instanceKlass com/sun/org/apache/xerces/internal/utils/XMLLimitAnalyzer
instanceKlass com/sun/org/apache/xerces/internal/xni/parser/XMLInputSource
instanceKlass com/sun/org/apache/xerces/internal/util/ErrorHandlerWrapper
instanceKlass com/sun/org/apache/xerces/internal/xni/parser/XMLErrorHandler
instanceKlass com/sun/org/apache/xerces/internal/impl/ExternalSubsetResolver
instanceKlass com/sun/org/apache/xerces/internal/util/EntityResolverWrapper
instanceKlass org/xml/sax/ext/EntityResolver2
instanceKlass com/sun/org/apache/xerces/internal/utils/XMLSecurityPropertyManager
instanceKlass com/sun/org/apache/xerces/internal/util/PropertyState
instanceKlass com/sun/org/apache/xerces/internal/util/FeatureState
instanceKlass com/sun/org/apache/xerces/internal/impl/msg/XMLMessageFormatter
instanceKlass com/sun/org/apache/xerces/internal/util/MessageFormatter
instanceKlass com/sun/org/apache/xerces/internal/impl/XMLVersionDetector
instanceKlass com/sun/org/apache/xerces/internal/impl/validation/ValidationManager
instanceKlass com/sun/org/apache/xerces/internal/impl/dv/dtd/NMTOKENDatatypeValidator
instanceKlass com/sun/org/apache/xerces/internal/impl/dv/dtd/NOTATIONDatatypeValidator
instanceKlass com/sun/org/apache/xerces/internal/impl/dv/dtd/ENTITYDatatypeValidator
instanceKlass com/sun/org/apache/xerces/internal/impl/dv/dtd/ListDatatypeValidator
instanceKlass com/sun/org/apache/xerces/internal/impl/dv/dtd/IDREFDatatypeValidator
instanceKlass com/sun/org/apache/xerces/internal/impl/dv/dtd/IDDatatypeValidator
instanceKlass com/sun/org/apache/xerces/internal/impl/dv/dtd/StringDatatypeValidator
instanceKlass com/sun/org/apache/xerces/internal/impl/dv/DatatypeValidator
instanceKlass com/sun/org/apache/xerces/internal/impl/dv/DTDDVFactory
instanceKlass com/sun/org/apache/xerces/internal/impl/dtd/DTDGrammarBucket
instanceKlass com/sun/org/apache/xerces/internal/impl/dtd/XMLAttributeDecl
instanceKlass com/sun/org/apache/xerces/internal/impl/dtd/XMLSimpleType
instanceKlass com/sun/org/apache/xerces/internal/impl/dtd/XMLElementDecl
instanceKlass com/sun/org/apache/xerces/internal/impl/validation/ValidationState
instanceKlass com/sun/org/apache/xerces/internal/impl/dv/ValidationContext
instanceKlass com/sun/org/apache/xerces/internal/impl/dtd/XMLDTDValidator
instanceKlass com/sun/org/apache/xerces/internal/impl/RevalidationHandler
instanceKlass com/sun/org/apache/xerces/internal/impl/dtd/XMLDTDValidatorFilter
instanceKlass com/sun/org/apache/xerces/internal/xni/parser/XMLDocumentFilter
instanceKlass com/sun/org/apache/xerces/internal/impl/dtd/XMLEntityDecl
instanceKlass com/sun/org/apache/xerces/internal/impl/dtd/XMLDTDProcessor
instanceKlass com/sun/org/apache/xerces/internal/xni/parser/XMLDTDContentModelFilter
instanceKlass com/sun/org/apache/xerces/internal/xni/parser/XMLDTDFilter
instanceKlass com/sun/org/apache/xerces/internal/xni/parser/XMLDTDScanner
instanceKlass com/sun/org/apache/xerces/internal/xni/parser/XMLDTDContentModelSource
instanceKlass com/sun/org/apache/xerces/internal/xni/parser/XMLDTDSource
instanceKlass com/sun/org/apache/xerces/internal/xni/grammars/XMLDTDDescription
instanceKlass com/sun/org/apache/xerces/internal/xni/grammars/XMLGrammarDescription
instanceKlass com/sun/org/apache/xerces/internal/impl/XMLDocumentScannerImpl$TrailingMiscDriver
instanceKlass com/sun/org/apache/xerces/internal/impl/XMLDocumentScannerImpl$PrologDriver
instanceKlass com/sun/org/apache/xerces/internal/impl/XMLDocumentScannerImpl$XMLDeclDriver
instanceKlass com/sun/org/apache/xerces/internal/util/NamespaceSupport
instanceKlass com/sun/org/apache/xerces/internal/xni/NamespaceContext
instanceKlass com/sun/org/apache/xerces/internal/util/XMLAttributesImpl$Attribute
instanceKlass com/sun/org/apache/xerces/internal/util/XMLAttributesImpl
instanceKlass com/sun/org/apache/xerces/internal/xni/XMLAttributes
instanceKlass com/sun/org/apache/xerces/internal/impl/XMLDocumentFragmentScannerImpl$FragmentContentDriver
instanceKlass com/sun/org/apache/xerces/internal/impl/XMLDocumentFragmentScannerImpl$Driver
instanceKlass com/sun/org/apache/xerces/internal/impl/XMLDocumentFragmentScannerImpl$ElementStack2
instanceKlass com/sun/org/apache/xerces/internal/xni/QName
instanceKlass com/sun/org/apache/xerces/internal/impl/XMLDocumentFragmentScannerImpl$ElementStack
instanceKlass com/sun/org/apache/xerces/internal/xni/XMLString
instanceKlass com/sun/org/apache/xerces/internal/impl/XMLScanner
instanceKlass com/sun/xml/internal/stream/XMLBufferListener
instanceKlass com/sun/org/apache/xerces/internal/impl/XMLEntityHandler
instanceKlass com/sun/org/apache/xerces/internal/xni/parser/XMLDocumentScanner
instanceKlass com/sun/org/apache/xerces/internal/xni/parser/XMLDocumentSource
instanceKlass com/sun/org/apache/xerces/internal/impl/XMLErrorReporter
instanceKlass com/sun/org/apache/xerces/internal/impl/XMLEntityScanner
instanceKlass com/sun/org/apache/xerces/internal/xni/XMLLocator
instanceKlass com/sun/xml/internal/stream/XMLEntityStorage
instanceKlass com/sun/org/apache/xerces/internal/utils/SecuritySupport$8
instanceKlass com/sun/org/apache/xerces/internal/utils/SecuritySupport$4
instanceKlass com/sun/org/apache/xerces/internal/utils/SecuritySupport
instanceKlass com/sun/org/apache/xerces/internal/utils/XMLSecurityManager
instanceKlass com/sun/org/apache/xerces/internal/impl/XMLEntityManager$CharacterBuffer
instanceKlass com/sun/org/apache/xerces/internal/impl/XMLEntityManager$CharacterBufferPool
instanceKlass com/sun/org/apache/xerces/internal/util/AugmentationsImpl$AugmentationsItemsContainer
instanceKlass com/sun/org/apache/xerces/internal/util/AugmentationsImpl
instanceKlass com/sun/org/apache/xerces/internal/xni/Augmentations
instanceKlass com/sun/org/apache/xerces/internal/util/XMLResourceIdentifierImpl
instanceKlass com/sun/org/apache/xerces/internal/xni/XMLResourceIdentifier
instanceKlass com/sun/org/apache/xerces/internal/impl/XMLEntityManager
instanceKlass com/sun/org/apache/xerces/internal/xni/parser/XMLEntityResolver
instanceKlass com/sun/org/apache/xerces/internal/xni/parser/XMLComponent
instanceKlass com/sun/org/apache/xerces/internal/util/SymbolTable$Entry
instanceKlass com/sun/org/apache/xerces/internal/util/SymbolTable
instanceKlass com/sun/org/apache/xerces/internal/util/ParserConfigurationSettings
instanceKlass com/sun/org/apache/xerces/internal/parsers/XML11Configurable
instanceKlass com/sun/org/apache/xerces/internal/xni/parser/XMLPullParserConfiguration
instanceKlass com/sun/org/apache/xerces/internal/xni/parser/XMLParserConfiguration
instanceKlass com/sun/org/apache/xerces/internal/xni/parser/XMLComponentManager
instanceKlass com/sun/org/apache/xerces/internal/parsers/XMLParser
instanceKlass com/sun/org/apache/xerces/internal/xni/XMLDTDContentModelHandler
instanceKlass com/sun/org/apache/xerces/internal/xni/XMLDTDHandler
instanceKlass com/sun/org/apache/xerces/internal/xni/XMLDocumentHandler
instanceKlass com/sun/org/apache/xerces/internal/jaxp/JAXPConstants
instanceKlass javax/xml/parsers/SecuritySupport$1
instanceKlass javax/xml/validation/Schema
instanceKlass weblogic/xml/jaxp/Utils
instanceKlass weblogic/xml/jaxp/WebLogicDocumentBuilderFactory$1
instanceKlass org/xml/sax/InputSource
instanceKlass weblogic/jsp/internal/jsp/JspTagLibraryParser$JSPEntityResolver$EntityResource
instanceKlass weblogic/jsp/internal/jsp/JspTagLibraryParser$JSPEntityResolver
instanceKlass weblogic/xml/registry/RefreshCacheLock
instanceKlass weblogic/xml/registry/XMLRegistry
instanceKlass weblogic/xml/registry/RegistryEntityResolver
instanceKlass weblogic/xml/jaxp/ReParsingErrorHandler
instanceKlass weblogic/xml/jaxp/ReParsingEventQueue$EventHandler
instanceKlass weblogic/xml/jaxp/ChainingEntityResolver
instanceKlass weblogic/xml/util/XMLConstants
instanceKlass org/xml/sax/EntityResolver
instanceKlass javax/xml/parsers/DocumentBuilder
instanceKlass weblogic/xml/jaxp/DOMFactoryProperties
instanceKlass weblogic/xml/util/Debug$DebugFacility
instanceKlass weblogic/xml/util/Debug$DebugFormatter
instanceKlass weblogic/xml/util/Debug$Formatter
instanceKlass weblogic/xml/util/Debug$DebugSpec
instanceKlass weblogic/xml/util/Debug
instanceKlass weblogic/xml/jaxp/XMLContext
instanceKlass javax/xml/parsers/FactoryFinder$1
instanceKlass javax/xml/parsers/SecuritySupport$5
instanceKlass javax/xml/parsers/SecuritySupport$2
instanceKlass javax/xml/parsers/SecuritySupport
instanceKlass javax/xml/parsers/FactoryFinder
instanceKlass javax/xml/parsers/DocumentBuilderFactory
instanceKlass weblogic/jsp/wlw/util/ArraySet$1
instanceKlass weblogic/jsp/internal/FileListenerWrapper
instanceKlass weblogic/jsp/internal/jsp/JspTagLibraryFeature$WebXmlChangeListener
instanceKlass weblogic/jsp/compiler/IFileListener
instanceKlass weblogic/jsp/internal/jsp/filereferences/FileReferencesImpl
instanceKlass weblogic/jsp/languages/jsp/IFileReferences
instanceKlass weblogic/jsp/internal/jsp/JspTagLibraryParser$JspErrorHandler
instanceKlass org/xml/sax/ErrorHandler
instanceKlass javax/servlet/jsp/tagext/FunctionInfo
instanceKlass javax/servlet/jsp/tagext/TagFileInfo
instanceKlass weblogic/jsp/compiler/jsp/ITagLibraryFeature$ITagFileInfoEx
instanceKlass weblogic/jsp/languages/jsp/IJspTagValidator
instanceKlass javax/servlet/jsp/tagext/VariableInfo
instanceKlass javax/servlet/jsp/tagext/TagExtraInfo
instanceKlass javax/servlet/jsp/tagext/TagVariableInfo
instanceKlass weblogic/jsp/internal/jsp/JspTagLibraryParser
instanceKlass javax/servlet/jsp/tagext/TagInfo
instanceKlass weblogic/jsp/compiler/jsp/taginfo/ITag
instanceKlass weblogic/jsp/compiler/jsp/ITagLibraryFeature$ITagInfoEx
instanceKlass java/io/ObjectStreamClass$5
instanceKlass java/io/ObjectStreamClass$4
instanceKlass java/io/ObjectStreamClass$3
instanceKlass java/io/ObjectStreamClass$MemberSignature
instanceKlass java/io/ObjectStreamClass$1
instanceKlass javax/servlet/jsp/tagext/TagAttributeInfo
instanceKlass weblogic/jsp/compiler/jsp/taginfo/IAttribute
instanceKlass weblogic/jsp/compiler/jsp/ITagLibraryFeature$ITagAttrInfoEx
instanceKlass javax/servlet/jsp/tagext/TagLibraryInfo
instanceKlass weblogic/jsp/compiler/jsp/ITagLibraryFeature$ITagLibInfoEx
instanceKlass weblogic/jsp/internal/jsp/tag/TagFileSynchronizer
instanceKlass weblogic/jsp/internal/jsp/JspParser$DirectiveSet
instanceKlass weblogic/jsp/languages/jsp/IJspDirectives
instanceKlass weblogic/jsp/internal/jsp/JspParser$PageDirectiveErrorHandler
instanceKlass weblogic/jsp/internal/jsp/config/ConfigurationErrorHandler
instanceKlass weblogic/jsp/internal/jsp/config/ConfigurationParser
instanceKlass weblogic/jsp/internal/jsp/JspScanner
instanceKlass weblogic/jsp/internal/jsp/JspParser$ScannerFrame
instanceKlass weblogic/jsp/internal/jsp/JspParser$Frame
instanceKlass weblogic/jsp/compiler/AstNode
instanceKlass weblogic/jsp/compiler/jsp/ast/IJspPage
instanceKlass weblogic/jsp/compiler/jsp/ast/IJspNode
instanceKlass weblogic/jsp/languages/jsp/IStructureAstNode
instanceKlass weblogic/jsp/compiler/IAstNode
instanceKlass weblogic/jsp/internal/jsp/script/ScriptletEscapeTransducer
instanceKlass weblogic/jsp/internal/jsp/script/BackCompatPageImportTransducer
instanceKlass weblogic/jsp/internal/jsp/script/PageImportTransducer
instanceKlass weblogic/jsp/internal/jsp/script/XMLSimpleTransducer
instanceKlass weblogic/jsp/internal/jsp/script/QuotingEscapeTransducer
instanceKlass weblogic/jsp/languages/ITransducer
instanceKlass weblogic/jsp/internal/jsp/JspParser
instanceKlass weblogic/jsp/internal/jsp/IJspActionContext
instanceKlass weblogic/jsp/internal/Ast
instanceKlass weblogic/jsp/compiler/IAst
instanceKlass weblogic/jsp/internal/EnvironmentBuilder
instanceKlass weblogic/jsp/languages/IAnalyzer$ILanguageParseEnvironment
instanceKlass weblogic/jsp/languages/IAnalyzer$ILanguageBaseEnvironment
instanceKlass weblogic/jsp/languages/lang/SimpleTokenStreamBuilder
instanceKlass weblogic/jsp/languages/IAnalyzer$ITokenStreamBuilder
instanceKlass weblogic/jsp/compiler/DiagnosticList
instanceKlass weblogic/jsp/internal/tokens/TokenImpl
instanceKlass weblogic/jsp/internal/tokens/ITreeNode
instanceKlass weblogic/jsp/internal/tokens/TokenStreamList
instanceKlass weblogic/jsp/internal/tokens/ITokenStreamImpl
instanceKlass weblogic/jsp/internal/text/LineInfo
instanceKlass weblogic/jsp/compiler/ILineInfo
instanceKlass weblogic/jsp/internal/tokens/TokenStreamImpl
instanceKlass weblogic/jsp/internal/tokens/TokenStream
instanceKlass weblogic/jsp/compiler/ITokenStream
instanceKlass weblogic/jsp/internal/text/ArrayTextBuffer$StringCache
instanceKlass weblogic/jsp/internal/text/ArrayTextBuffer
instanceKlass weblogic/jsp/wlw/util/encoding/EncodingHelper$EncodingInfo
instanceKlass weblogic/jsp/wlw/util/encoding/EncodingHelper
instanceKlass weblogic/jsp/wlw/util/filesystem/FS$ReaderOptions
instanceKlass weblogic/jsp/internal/client/Job
instanceKlass weblogic/jsp/internal/client/JobWaiter
instanceKlass weblogic/jsp/internal/client/AbstractThreadPool
instanceKlass weblogic/jsp/internal/client/ClientUtilsImpl
instanceKlass weblogic/jsp/compiler/client/ClientUtils$I
instanceKlass weblogic/jsp/internal/jsp/JspAnalyzer
instanceKlass weblogic/jsp/languages/IAnalyzer
instanceKlass weblogic/jsp/languages/LocatorBase
instanceKlass weblogic/jsp/compiler/ILocator
instanceKlass weblogic/jsp/internal/text/StringTextBuffer
instanceKlass weblogic/jsp/compiler/ITextBuffer
instanceKlass weblogic/jsp/internal/BaseLanguageFile
instanceKlass weblogic/jsp/compiler/ISourceFile
instanceKlass weblogic/servlet/internal/ServletStubImpl
instanceKlass weblogic/servlet/internal/ServletStub
instanceKlass weblogic/servlet/jsp/JspCLLManager$WebAppProjectFeatureImpl
instanceKlass weblogic/jsp/internal/jsp/config/URLPattern
instanceKlass weblogic/jsp/internal/BinaryRoot
instanceKlass weblogic/jsp/compiler/IBinaryRoot
instanceKlass weblogic/jsp/compiler/IJavelinFile
instanceKlass weblogic/jsp/wlw/util/filesystem/zip/ArFSRoot$ZipNotifierItem
instanceKlass weblogic/jsp/wlw/util/filesystem/zip/ArBaseFile$ArPath$CharArrayComparator
instanceKlass weblogic/jsp/wlw/util/ExternalArraySet$Compare
instanceKlass weblogic/jsp/wlw/util/filesystem/zip/ArBaseFile$ArPath
instanceKlass weblogic/jsp/internal/jsp/config/JspPropertySet
instanceKlass weblogic/jsp/compiler/jsp/IJspConfigFeature$IJspConfigPropertySet
instanceKlass weblogic/jsp/internal/jsp/config/JspConfiguration
instanceKlass weblogic/jsp/compiler/jsp/IWebAppProjectFeature
instanceKlass weblogic/jsp/internal/jsp/config/JspConfigFeature$BaseImpl
instanceKlass weblogic/jsp/internal/jsp/config/JspConfigFeature
instanceKlass weblogic/jsp/compiler/jsp/IJspConfigFeature
instanceKlass sun/util/ResourceBundleEnumeration
instanceKlass com/bea/core/repackaged/jdt/internal/compiler/util/HashtableOfInt
instanceKlass com/bea/core/repackaged/jdt/internal/compiler/problem/DefaultProblemFactory
instanceKlass com/bea/core/repackaged/jdt/internal/compiler/IProblemFactory
instanceKlass com/bea/core/repackaged/jdt/internal/compiler/DefaultErrorHandlingPolicies$4
instanceKlass com/bea/core/repackaged/jdt/internal/compiler/IErrorHandlingPolicy
instanceKlass com/bea/core/repackaged/jdt/internal/compiler/DefaultErrorHandlingPolicies
instanceKlass weblogic/jsp/internal/java/JDTJavaCompiler
instanceKlass weblogic/jsp/languages/java/IJavaCompiler
instanceKlass weblogic/jsp/internal/java/filesystem/AbstractParentAwareFileSystem$NullParentWareFileSystem
instanceKlass weblogic/jsp/internal/java/filesystem/AbstractParentAwareFileSystem$NullFileSystem
instanceKlass weblogic/jsp/internal/java/filesystem/AbstractParentAwareFileSystem
instanceKlass weblogic/jsp/internal/java/filesystem/IParentAwareFileSystem
instanceKlass com/bea/core/repackaged/jdt/internal/compiler/batch/ClasspathLocation
instanceKlass com/bea/core/repackaged/jdt/core/compiler/CharOperation
instanceKlass com/bea/core/repackaged/jdt/internal/compiler/util/Util
instanceKlass com/bea/core/repackaged/jdt/internal/compiler/batch/FileSystem$Classpath
instanceKlass com/bea/core/repackaged/jdt/internal/compiler/batch/FileSystem
instanceKlass com/bea/core/repackaged/jdt/internal/compiler/impl/Constant
instanceKlass com/bea/core/repackaged/jdt/internal/compiler/ast/OperatorIds
instanceKlass com/bea/core/repackaged/jdt/internal/compiler/lookup/TypeIds
instanceKlass weblogic/utils/compiler/JavaCompilerUtils
instanceKlass weblogic/jsp/internal/Debug
instanceKlass weblogic/jsp/internal/java/filesystem/FileSystemFactory$InstanceHolder
instanceKlass weblogic/jsp/internal/java/filesystem/FileSystemFactory
instanceKlass weblogic/jsp/internal/java/filesystem/ClassLoaderFileSystem
instanceKlass com/bea/core/repackaged/jdt/internal/compiler/util/SuffixConstants
instanceKlass com/bea/core/repackaged/jdt/internal/compiler/env/INameEnvironment
instanceKlass weblogic/jsp/internal/java/JavaCompilationContext$1
instanceKlass weblogic/jsp/internal/java/JavaCompilationContext
instanceKlass weblogic/jsp/internal/jsp/options/JspCompilerOptions$Impl
instanceKlass weblogic/jsp/internal/jsp/options/JspCompilerOptions
instanceKlass weblogic/jsp/compiler/jsp/IJspCompilerOptions
instanceKlass weblogic/jsp/internal/CPL
instanceKlass weblogic/jsp/wlw/filesystem/spi/IEncoding$Context
instanceKlass weblogic/jsp/compiler/ICPL
instanceKlass weblogic/jsp/internal/Application
instanceKlass weblogic/jsp/compiler/IApplication
instanceKlass weblogic/jsp/internal/client/NullClientContext
instanceKlass weblogic/jsp/compiler/IClientContext
instanceKlass weblogic/jsp/languages/jsp/FileReferences
instanceKlass weblogic/jsp/internal/html/FileRefTransforms
instanceKlass weblogic/jsp/internal/jsp/JspTagHandlerInfoFeature
instanceKlass weblogic/jsp/compiler/jsp/ITagHandlerInfoFeature
instanceKlass weblogic/jsp/internal/jsp/JspTagLibraryFeature
instanceKlass weblogic/jsp/compiler/ICPLFeature
instanceKlass weblogic/jsp/compiler/jsp/ITagLibraryFeature
instanceKlass weblogic/jsp/internal/jsp/JspJavaLanguageX
instanceKlass weblogic/jsp/languages/jsp/IJspScriptLanguage
instanceKlass weblogic/jsp/wlw/util/encoding/impl/TextEncoding
instanceKlass weblogic/jsp/wlw/util/encoding/impl/PropertiesEncoding
instanceKlass weblogic/jsp/internal/jsp/JspEncoder
instanceKlass weblogic/jsp/wlw/filesystem/spi/IEncoding$ContextSensitive
instanceKlass weblogic/jsp/wlw/filesystem/spi/IEncodingDetector
instanceKlass weblogic/jsp/wlw/filesystem/spi/IEncoding
instanceKlass weblogic/jsp/wlw/util/encoding/EncodingManager
instanceKlass weblogic/jsp/wlw/util/encoding/EncodingManager$EncodingProxy
instanceKlass weblogic/jsp/languages/jsp/IJspLanguage
instanceKlass weblogic/jsp/wlw/util/filesystem/mds/MDSFile
instanceKlass weblogic/jsp/wlw/util/filesystem/mds/MDSFileSystem
instanceKlass weblogic/jsp/wlw/util/filesystem/zip/ArBaseFile
instanceKlass weblogic/jsp/wlw/util/filesystem/zip/ArFileSystem
instanceKlass weblogic/jsp/wlw/filesystem/spi/ITypedFileSystem
instanceKlass weblogic/jsp/wlw/util/filesystem/file/WlFile
instanceKlass weblogic/jsp/wlw/filesystem/spi/InternalFile
instanceKlass weblogic/jsp/wlw/filesystem/IFile
instanceKlass weblogic/jsp/wlw/util/filesystem/file/WlFileSystem
instanceKlass weblogic/jsp/wlw/filesystem/spi/IFileSystem
instanceKlass weblogic/jsp/wlw/util/filesystem/FS
instanceKlass weblogic/jsp/languages/Language
instanceKlass weblogic/jsp/languages/java/IJavaLanguage
instanceKlass weblogic/jsp/compiler/ILanguage
instanceKlass weblogic/jsp/internal/Javelin
instanceKlass weblogic/jsp/compiler/IJavelin
instanceKlass weblogic/jsp/compiler/client/ClientUtils
instanceKlass weblogic/servlet/jsp/JspCLLManager
instanceKlass weblogic/utils/enumerations/SingleItemEnumeration
instanceKlass weblogic/servlet/jsp/JspCompilerContext
instanceKlass weblogic/servlet/jsp/JspCLLManager$IJSPCompilerContext
instanceKlass javax/servlet/jsp/JspFactory
instanceKlass weblogic/servlet/internal/JSPManager
instanceKlass weblogic/servlet/jsp/JspConfig
instanceKlass weblogic/diagnostics/instrumentation/InstrumentationSupport$PlaceholderJoinPoint
instanceKlass weblogic/diagnostics/instrumentation/JoinPoint
instanceKlass weblogic/diagnostics/instrumentation/InstrumentationSupport$PlaceholderPointcutHandlingInfo
instanceKlass weblogic/diagnostics/instrumentation/InstrumentationSupport$PlaceholderValueHandlingInfo
instanceKlass weblogic/diagnostics/instrumentation/ValueHandlingInfo
instanceKlass weblogic/diagnostics/instrumentation/PointcutHandlingInfo
instanceKlass weblogic/diagnostics/instrumentation/InstrumentationSupport$PlaceholderDelegatingMonitor
instanceKlass weblogic/diagnostics/instrumentation/DelegatingMonitor
instanceKlass weblogic/diagnostics/instrumentation/StandardMonitor
instanceKlass weblogic/diagnostics/instrumentation/DiagnosticMonitor
instanceKlass weblogic/diagnostics/instrumentation/DyeFilterable
instanceKlass weblogic/diagnostics/instrumentation/DiagnosticAction
instanceKlass weblogic/diagnostics/instrumentation/GatheredArgument
instanceKlass weblogic/diagnostics/instrumentation/rtsupport/InstrumentationSupportImpl
instanceKlass weblogic/diagnostics/instrumentation/InstrumentationSupport$InstrumentationSupportInterface
instanceKlass weblogic/diagnostics/instrumentation/DiagnosticActionState
instanceKlass weblogic/diagnostics/instrumentation/InstrumentationSupportBase
instanceKlass weblogic/servlet/jsp/JspcInvoker$IJspc
instanceKlass weblogic/servlet/jsp/StaleChecker
instanceKlass weblogic/j2ee/descriptor/wl/InputCharsetBean
instanceKlass weblogic/j2ee/descriptor/wl/CharsetMappingBean
instanceKlass weblogic/descriptor/utils/DescriptorUtils
instanceKlass oracle/adf/model/servlet/ADFBindingFilter
instanceKlass org/apache/myfaces/trinidad/webapp/TrinidadFilter
instanceKlass javax/servlet/Filter
instanceKlass javax/servlet/GenericServlet
instanceKlass javax/servlet/ServletConfig
instanceKlass javax/servlet/annotation/MultipartConfig
instanceKlass javax/faces/webapp/FacesServlet
instanceKlass javax/servlet/Servlet
instanceKlass oracle/adf/mbean/share/ADFServletContextListenerAdapter
instanceKlass javax/servlet/ServletContextListener
instanceKlass weblogic/utils/io/DataIO
instanceKlass weblogic/utils/classloaders/SharedSource
instanceKlass weblogic/i18n/logging/BaseTextFormatter
instanceKlass weblogic/servlet/internal/dd/compliance/BaseComplianceChecker
instanceKlass weblogic/servlet/internal/dd/compliance/ComplianceChecker
instanceKlass weblogic/servlet/internal/dd/compliance/ComplianceUtils
instanceKlass weblogic/servlet/internal/dd/compliance/DeploymentInfo
instanceKlass weblogic/servlet/jsp/JspcInvoker
instanceKlass weblogic/application/utils/ClassLoaderUtils
instanceKlass weblogic/utils/enumerations/IteratorEnumerator
instanceKlass weblogic/servlet/internal/War$LibrarySourceMetadata
instanceKlass weblogic/application/library/LibraryReference$LibEntry
instanceKlass weblogic/application/library/LibraryReference
instanceKlass weblogic/servlet/utils/WebAppLibraryUtils
instanceKlass com/bea/xbean/regex/RegularExpression$Context
instanceKlass com/bea/xbean/regex/Op
instanceKlass org/jcp/xmlns/xml/ns/javaee/String
instanceKlass com/bea/staxb/runtime/internal/util/collections/StringList
instanceKlass weblogic/j2ee/descriptor/MultipartConfigBean
instanceKlass weblogic/j2ee/descriptor/RunAsBean
instanceKlass com/bea/xml/XmlNonNegativeInteger
instanceKlass weblogic/j2ee/descriptor/SecurityRoleRefBean
instanceKlass com/bea/xbean/common/XmlObjectList
instanceKlass weblogic/application/internal/BaseJ2EEModule
instanceKlass weblogic/ejb/spi/EjbInWarSupportingModule
instanceKlass weblogic/application/ClassLoadingConfiguration
instanceKlass weblogic/application/ConcurrentModule
instanceKlass weblogic/application/DeployableObjectInfo
instanceKlass weblogic/application/MergedDescriptorModule
instanceKlass weblogic/application/UpdateListener
instanceKlass weblogic/application/ModuleLocationInfo
instanceKlass weblogic/application/Module
instanceKlass weblogic/application/PojoAnnotationSupportingModule
instanceKlass weblogic/application/descriptor/DeploymentPlanProcessor$1
instanceKlass weblogic/application/descriptor/PredicateMatcher
instanceKlass weblogic/application/descriptor/DeploymentPlanProcessor
instanceKlass weblogic/descriptor/internal/CompoundKey
instanceKlass weblogic/j2ee/descriptor/wl/FastSwapBean
instanceKlass weblogic/j2ee/descriptor/wl/OsgiFrameworkReferenceBean
instanceKlass weblogic/j2ee/descriptor/wl/CoherenceClusterRefBean
instanceKlass weblogic/j2ee/descriptor/wl/WorkManagerBean
instanceKlass weblogic/j2ee/descriptor/wl/VirtualDirectoryMappingBean
instanceKlass weblogic/j2ee/descriptor/wl/SessionDescriptorBean
instanceKlass weblogic/j2ee/descriptor/wl/ServletDescriptorBean
instanceKlass weblogic/j2ee/descriptor/wl/ServiceReferenceDescriptionBean
instanceKlass weblogic/j2ee/descriptor/wl/SecurityRoleAssignmentBean
instanceKlass weblogic/j2ee/descriptor/wl/SecurityPermissionBean
instanceKlass weblogic/j2ee/descriptor/wl/RunAsRoleAssignmentBean
instanceKlass weblogic/j2ee/descriptor/wl/ResourceEnvDescriptionBean
instanceKlass weblogic/j2ee/descriptor/wl/ResourceDescriptionBean
instanceKlass weblogic/j2ee/descriptor/wl/MessageDestinationDescriptorBean
instanceKlass weblogic/j2ee/descriptor/wl/ManagedThreadFactoryBean
instanceKlass weblogic/j2ee/descriptor/wl/ManagedScheduledExecutorServiceBean
instanceKlass weblogic/j2ee/descriptor/wl/ManagedExecutorServiceBean
instanceKlass weblogic/j2ee/descriptor/wl/LoggingBean
instanceKlass weblogic/j2ee/descriptor/wl/LibraryRefBean
instanceKlass weblogic/j2ee/descriptor/wl/JspDescriptorBean
instanceKlass weblogic/j2ee/descriptor/wl/JASPICProviderBean
instanceKlass weblogic/j2ee/descriptor/wl/EjbReferenceDescriptionBean
instanceKlass weblogic/j2ee/descriptor/wl/ContainerDescriptorBean
instanceKlass weblogic/j2ee/descriptor/wl/CharsetParamsBean
instanceKlass weblogic/j2ee/descriptor/wl/CdiDescriptorBean
instanceKlass weblogic/j2ee/descriptor/wl/AsyncDescriptorBean
instanceKlass weblogic/j2ee/descriptor/wl/WeblogicWebAppBean
instanceKlass weblogic/j2ee/descriptor/wl/WeblogicEnvironmentBean
instanceKlass sun/util/locale/provider/TimeZoneNameUtility$TimeZoneNameGetter
instanceKlass sun/util/locale/provider/TimeZoneNameUtility
instanceKlass java/text/DontCareFieldPosition$1
instanceKlass java/text/Format$FieldDelegate
instanceKlass weblogic/diagnostics/debug/KernelDebugService
instanceKlass com/bea/logging/LogBufferHandler$LogBufferHandlerSingletonFactory
instanceKlass com/bea/logging/DateFormatter$DefaultSingletonFactory
instanceKlass com/bea/logging/DateFormatter
instanceKlass weblogic/utils/PropertyHelper
instanceKlass weblogic/logging/LogEntryFormatter
instanceKlass weblogic/management/configuration/ExecuteQueueMBean
instanceKlass weblogic/management/configuration/DebugScopeMBean
instanceKlass weblogic/diagnostics/debug/DebugScopeBean
instanceKlass weblogic/management/configuration/KernelDebugMBean
instanceKlass weblogic/management/configuration/DebugMBean
instanceKlass weblogic/management/configuration/IIOPMBean
instanceKlass weblogic/management/configuration/SSLMBean
instanceKlass javax/management/MBeanFeatureInfo
instanceKlass javax/management/NotificationFilter
instanceKlass javax/management/NotificationListener
instanceKlass javax/management/MBeanServer
instanceKlass javax/management/MBeanServerConnection
instanceKlass javax/management/Attribute
instanceKlass javax/management/MBeanInfo
instanceKlass javax/management/DescriptorRead
instanceKlass javax/management/ObjectName
instanceKlass javax/management/QueryExp
instanceKlass weblogic/management/configuration/LogFilterMBean
instanceKlass weblogic/kernel/KernelEnvironment
instanceKlass weblogic/management/configuration/LogMBean
instanceKlass weblogic/management/configuration/CommonLogMBean
instanceKlass weblogic/management/configuration/LogFileMBean
instanceKlass weblogic/kernel/MBeanStub
instanceKlass weblogic/kernel/KernelLogManager$LoggerMaker
instanceKlass com/bea/logging/MsgIdPrefixConverter$SystemPropertyInitializer
instanceKlass weblogic/application/ComponentInvocationContextManagerImpl$NullComponentInvocationContext
instanceKlass weblogic/invocation/ComponentInvocationContext
instanceKlass weblogic/invocation/ComponentInvocationContextManager$SingletonHolder
instanceKlass weblogic/invocation/ComponentInvocationContextManager
instanceKlass java/net/InetAddress$CacheEntry
instanceKlass sun/net/InetAddressCachePolicy$2
instanceKlass sun/net/InetAddressCachePolicy$1
instanceKlass sun/net/InetAddressCachePolicy
instanceKlass java/net/Inet4AddressImpl
instanceKlass java/net/Inet6Address$Inet6AddressHolder
instanceKlass java/net/InetAddress$2
instanceKlass sun/net/spi/nameservice/NameService
instanceKlass java/net/Inet6AddressImpl
instanceKlass java/net/InetAddressImpl
instanceKlass java/net/InetAddressImplFactory
instanceKlass java/net/InetAddress$Cache
instanceKlass java/net/InetAddress$InetAddressHolder
instanceKlass java/net/InetAddress$1
instanceKlass java/net/InetAddress
instanceKlass weblogic/logging/LogEntryInitializer
instanceKlass weblogic/i18n/logging/Severities
instanceKlass com/bea/logging/MsgIdPrefixConverter
instanceKlass java/util/logging/LogRecord
instanceKlass weblogic/logging/LogEntry
instanceKlass com/bea/logging/BaseLogEntry
instanceKlass weblogic/management/configuration/KernelMBean
instanceKlass weblogic/management/configuration/ConfigurationMBean
instanceKlass weblogic/management/WebLogicMBean
instanceKlass javax/management/NotificationBroadcaster
instanceKlass javax/management/MBeanRegistration
instanceKlass javax/management/DynamicMBean
instanceKlass weblogic/kernel/KernelLogManager
instanceKlass weblogic/logging/MessageLogger
instanceKlass java/util/Locale$1
instanceKlass weblogic/i18n/Localizer
instanceKlass weblogic/i18ntools/L10nLookup$L10nLookupInitializer
instanceKlass weblogic/logging/WLMessageLogger
instanceKlass weblogic/i18n/logging/CoreEnginePrimordialLoggerWrapper
instanceKlass weblogic/i18n/logging/MessageDispatcher
instanceKlass weblogic/i18n/logging/MessageLogger
instanceKlass weblogic/i18n/logging/MessageLoggerRegistry$Node
instanceKlass weblogic/i18n/logging/MessageLoggerRegistry$Tree
instanceKlass weblogic/i18n/logging/MessageLoggerRegistry
instanceKlass weblogic/application/descriptor/MungerLogger$MessageLoggerInitializer
instanceKlass weblogic/i18n/logging/MessageLoggerRegistryListener
instanceKlass weblogic/i18n/logging/LogMessage
instanceKlass weblogic/application/descriptor/MungerLogger
instanceKlass java/security/Timestamp
instanceKlass sun/security/timestamp/TimestampToken
instanceKlass sun/security/pkcs/ESSCertId
instanceKlass sun/security/pkcs/SigningCertificateInfo
instanceKlass sun/security/x509/DistributionPoint
instanceKlass sun/security/x509/DNSName
instanceKlass sun/security/x509/URIName
instanceKlass sun/security/x509/AccessDescription
instanceKlass sun/security/pkcs/PKCS9Attributes
instanceKlass java/security/spec/DSAParameterSpec
instanceKlass java/security/spec/AlgorithmParameterSpec
instanceKlass java/security/interfaces/DSAParams
instanceKlass java/security/interfaces/DSAPrivateKey
instanceKlass java/util/Base64$Encoder
instanceKlass java/util/Base64$Decoder
instanceKlass java/util/Base64
instanceKlass java/security/cert/CertPath
instanceKlass java/math/MutableBigInteger
instanceKlass sun/security/provider/ByteArrayAccess
instanceKlass sun/security/rsa/RSAPadding
instanceKlass sun/security/rsa/RSACore
instanceKlass java/security/MessageDigestSpi
instanceKlass sun/security/jca/ServiceId
instanceKlass java/security/SignatureSpi
instanceKlass javax/crypto/SecretKey
instanceKlass sun/security/util/Length
instanceKlass sun/security/util/KeyUtil
instanceKlass sun/text/normalizer/NormalizerBase$1
instanceKlass sun/text/normalizer/NormalizerBase$QuickCheckResult
instanceKlass sun/text/normalizer/NormalizerBase$Mode
instanceKlass sun/text/normalizer/NormalizerBase
instanceKlass java/text/Normalizer
instanceKlass sun/security/pkcs/PKCS9Attribute
instanceKlass sun/security/x509/AVAKeyword
instanceKlass sun/security/pkcs/SignerInfo
instanceKlass java/security/interfaces/DSAPublicKey
instanceKlass java/security/interfaces/DSAKey
instanceKlass java/security/spec/DSAPublicKeySpec
instanceKlass java/security/AlgorithmParametersSpi
instanceKlass java/security/AlgorithmParameters
instanceKlass sun/security/util/MemoryCache$CacheEntry
instanceKlass sun/security/x509/X509AttributeName
instanceKlass sun/security/x509/RFC822Name
instanceKlass sun/security/x509/GeneralName
instanceKlass sun/security/x509/GeneralNames
instanceKlass sun/security/x509/KeyIdentifier
instanceKlass sun/security/x509/NetscapeCertTypeExtension$MapEntry
instanceKlass sun/security/x509/OIDMap$OIDInfo
instanceKlass sun/security/x509/PKIXExtensions
instanceKlass sun/security/x509/OIDMap
instanceKlass sun/security/x509/Extension
instanceKlass java/security/cert/Extension
instanceKlass sun/security/x509/CertificateExtensions
instanceKlass sun/security/pkcs/PKCS8Key
instanceKlass java/security/interfaces/RSAPrivateCrtKey
instanceKlass java/security/interfaces/RSAPrivateKey
instanceKlass java/security/PrivateKey
instanceKlass javax/security/auth/Destroyable
instanceKlass java/security/interfaces/RSAPublicKey
instanceKlass java/security/interfaces/RSAKey
instanceKlass java/security/spec/RSAPrivateKeySpec
instanceKlass java/security/spec/RSAPublicKeySpec
instanceKlass java/security/KeyFactorySpi
instanceKlass sun/security/rsa/SunRsaSignEntries
instanceKlass sun/security/jca/ProviderList$ServiceList$1
instanceKlass java/security/KeyFactory
instanceKlass java/security/spec/EncodedKeySpec
instanceKlass java/security/spec/KeySpec
instanceKlass sun/security/util/BitArray
instanceKlass sun/security/x509/X509Key
instanceKlass java/security/PublicKey
instanceKlass java/security/Key
instanceKlass sun/security/x509/CertificateX509Key
instanceKlass sun/security/x509/CertificateValidity
instanceKlass sun/security/x509/AVA
instanceKlass sun/security/x509/RDN
instanceKlass javax/security/auth/x500/X500Principal
instanceKlass sun/security/x509/X500Name$1
instanceKlass sun/security/x509/X500Name
instanceKlass sun/security/x509/GeneralNameInterface
instanceKlass sun/security/x509/CertificateAlgorithmId
instanceKlass sun/security/x509/SerialNumber
instanceKlass sun/security/x509/CertificateSerialNumber
instanceKlass sun/security/x509/CertificateVersion
instanceKlass sun/security/x509/X509CertInfo
instanceKlass sun/security/x509/CertAttrSet
instanceKlass sun/security/util/Cache$EqualByteArray
instanceKlass java/security/cert/X509Extension
instanceKlass sun/security/jca/GetInstance$Instance
instanceKlass sun/security/util/Cache
instanceKlass java/security/Provider$UString
instanceKlass java/security/Provider$Service
